# JRE version: OpenJDK Runtime Environment (11.0+28) (build 11+28)
# Java VM: OpenJDK 64-Bit Server VM (11+28, mixed mode, tiered, compressed oops, g1 gc, windows-amd64)
Heap:
 garbage-first heap   total 65536K, used 23919K [0x00000000c1c00000, 0x0000000100000000)
  region size 1024K, 4 young (4096K), 4 survivors (4096K)
 Metaspace       used 57889K, capacity 59552K, committed 59644K, reserved 1110016K
  class space    used 7543K, capacity 8216K, committed 8268K, reserved 1048576K
GC Heap History (10 events):
Event: 46.747 GC heap before
{Heap before GC invocations=17 (full 0):
 garbage-first heap   total 65536K, used 52656K [0x00000000c1c00000, 0x0000000100000000)
  region size 1024K, 38 young (38912K), 3 survivors (3072K)
 Metaspace       used 43455K, capacity 44785K, committed 44924K, reserved 1087488K
  class space    used 5557K, capacity 6070K, committed 6092K, reserved 1048576K
}
Event: 46.762 GC heap after
{Heap after GC invocations=18 (full 0):
 garbage-first heap   total 65536K, used 18013K [0x00000000c1c00000, 0x0000000100000000)
  region size 1024K, 4 young (4096K), 4 survivors (4096K)
 Metaspace       used 43455K, capacity 44785K, committed 44924K, reserved 1087488K
  class space    used 5557K, capacity 6070K, committed 6092K, reserved 1048576K
}
Event: 52.878 GC heap before
{Heap before GC invocations=18 (full 0):
 garbage-first heap   total 65536K, used 52829K [0x00000000c1c00000, 0x0000000100000000)
  region size 1024K, 38 young (38912K), 4 survivors (4096K)
 Metaspace       used 47966K, capacity 49337K, committed 49532K, reserved 1091584K
  class space    used 6210K, capacity 6733K, committed 6860K, reserved 1048576K
}
Event: 52.899 GC heap after
{Heap after GC invocations=19 (full 0):
 garbage-first heap   total 65536K, used 19043K [0x00000000c1c00000, 0x0000000100000000)
  region size 1024K, 3 young (3072K), 3 survivors (3072K)
 Metaspace       used 47966K, capacity 49337K, committed 49532K, reserved 1091584K
  class space    used 6210K, capacity 6733K, committed 6860K, reserved 1048576K
}
Event: 56.510 GC heap before
{Heap before GC invocations=19 (full 0):
 garbage-first heap   total 65536K, used 52835K [0x00000000c1c00000, 0x0000000100000000)
  region size 1024K, 36 young (36864K), 3 survivors (3072K)
 Metaspace       used 52107K, capacity 53530K, committed 53756K, reserved 1095680K
  class space    used 6798K, capacity 7368K, committed 7500K, reserved 1048576K
}
Event: 56.526 GC heap after
{Heap after GC invocations=20 (full 0):
 garbage-first heap   total 65536K, used 20208K [0x00000000c1c00000, 0x0000000100000000)
  region size 1024K, 4 young (4096K), 4 survivors (4096K)
 Metaspace       used 52107K, capacity 53530K, committed 53756K, reserved 1095680K
  class space    used 6798K, capacity 7368K, committed 7500K, reserved 1048576K
}
Event: 58.401 GC heap before
{Heap before GC invocations=20 (full 0):
 garbage-first heap   total 65536K, used 52976K [0x00000000c1c00000, 0x0000000100000000)
  region size 1024K, 36 young (36864K), 4 survivors (4096K)
 Metaspace       used 54501K, capacity 56170K, committed 56444K, reserved 1097728K
  class space    used 7147K, capacity 7801K, committed 7884K, reserved 1048576K
}
Event: 58.426 GC heap after
{Heap after GC invocations=21 (full 0):
 garbage-first heap   total 65536K, used 22633K [0x00000000c1c00000, 0x0000000100000000)
  region size 1024K, 5 young (5120K), 5 survivors (5120K)
 Metaspace       used 54501K, capacity 56170K, committed 56444K, reserved 1097728K
  class space    used 7147K, capacity 7801K, committed 7884K, reserved 1048576K
}
Event: 106.368 GC heap before
{Heap before GC invocations=21 (full 0):
 garbage-first heap   total 65536K, used 46185K [0x00000000c1c00000, 0x0000000100000000)
  region size 1024K, 30 young (30720K), 5 survivors (5120K)
 Metaspace       used 57889K, capacity 59552K, committed 59644K, reserved 1107968K
  class space    used 7543K, capacity 8216K, committed 8268K, reserved 1048576K
}
Event: 106.405 GC heap after
{Heap after GC invocations=22 (full 0):
 garbage-first heap   total 65536K, used 23919K [0x00000000c1c00000, 0x0000000100000000)
  region size 1024K, 4 young (4096K), 4 survivors (4096K)
 Metaspace       used 57889K, capacity 59552K, committed 59644K, reserved 1107968K
  class space    used 7543K, capacity 8216K, committed 8268K, reserved 1048576K
}

