# JRE version: OpenJDK Runtime Environment (11.0+28) (build 11+28)
# Java VM: OpenJDK 64-Bit Server VM (11+28, mixed mode, tiered, compressed oops, g1 gc, windows-amd64)
Heap:
 garbage-first heap   total 262144K, used 42584K [0x00000000e0000000, 0x0000000100000000)
  region size 1024K, 33 young (33792K), 3 survivors (3072K)
 Metaspace       used 17833K, capacity 18280K, committed 18432K, reserved 270336K
  class space    used 2139K, capacity 2296K, committed 2304K, reserved 253952K
GC Heap History (8 events):
Event: 6.345 GC heap before
{Heap before GC invocations=0 (full 0):
 garbage-first heap   total 262144K, used 18432K [0x00000000e0000000, 0x0000000100000000)
  region size 1024K, 12 young (12288K), 0 survivors (0K)
 Metaspace       used 6920K, capacity 7065K, committed 7424K, reserved 262144K
  class space    used 616K, capacity 650K, committed 768K, reserved 253952K
}
Event: 6.353 GC heap after
{Heap after GC invocations=1 (full 0):
 garbage-first heap   total 262144K, used 7508K [0x00000000e0000000, 0x0000000100000000)
  region size 1024K, 2 young (2048K), 2 survivors (2048K)
 Metaspace       used 6920K, capacity 7065K, committed 7424K, reserved 262144K
  class space    used 616K, capacity 650K, committed 768K, reserved 253952K
}
Event: 11.157 GC heap before
{Heap before GC invocations=1 (full 0):
 garbage-first heap   total 262144K, used 17748K [0x00000000e0000000, 0x0000000100000000)
  region size 1024K, 12 young (12288K), 2 survivors (2048K)
 Metaspace       used 10243K, capacity 10476K, committed 10624K, reserved 264192K
  class space    used 1068K, capacity 1128K, committed 1152K, reserved 253952K
}
Event: 11.165 GC heap after
{Heap after GC invocations=2 (full 0):
 garbage-first heap   total 262144K, used 8503K [0x00000000e0000000, 0x0000000100000000)
  region size 1024K, 1 young (1024K), 1 survivors (1024K)
 Metaspace       used 10243K, capacity 10476K, committed 10624K, reserved 264192K
  class space    used 1068K, capacity 1128K, committed 1152K, reserved 253952K
}
Event: 14.410 GC heap before
{Heap before GC invocations=2 (full 0):
 garbage-first heap   total 262144K, used 20791K [0x00000000e0000000, 0x0000000100000000)
  region size 1024K, 14 young (14336K), 1 survivors (1024K)
 Metaspace       used 10851K, capacity 11141K, committed 11264K, reserved 264192K
  class space    used 1134K, capacity 1200K, committed 1280K, reserved 253952K
}
Event: 14.415 GC heap after
{Heap after GC invocations=3 (full 0):
 garbage-first heap   total 262144K, used 8826K [0x00000000e0000000, 0x0000000100000000)
  region size 1024K, 2 young (2048K), 2 survivors (2048K)
 Metaspace       used 10851K, capacity 11141K, committed 11264K, reserved 264192K
  class space    used 1134K, capacity 1200K, committed 1280K, reserved 253952K
}
Event: 20.723 GC heap before
{Heap before GC invocations=3 (full 0):
 garbage-first heap   total 262144K, used 27258K [0x00000000e0000000, 0x0000000100000000)
  region size 1024K, 20 young (20480K), 2 survivors (2048K)
 Metaspace       used 11161K, capacity 11485K, committed 11520K, reserved 264192K
  class space    used 1191K, capacity 1272K, committed 1280K, reserved 253952K
}
Event: 20.732 GC heap after
{Heap after GC invocations=4 (full 0):
 garbage-first heap   total 262144K, used 12888K [0x00000000e0000000, 0x0000000100000000)
  region size 1024K, 3 young (3072K), 3 survivors (3072K)
 Metaspace       used 11161K, capacity 11485K, committed 11520K, reserved 264192K
  class space    used 1191K, capacity 1272K, committed 1280K, reserved 253952K
}

